<?xml version="1.0" encoding="UTF-8"?>
<!-- Generated by org.testng.reporters.JUnitReportReporter -->
<testsuite hostname="DESKTOP-DM7HA6N" failures="0" tests="1" name="tests.verifyAddCustomerTest" time="27.225" errors="0" timestamp="2023-06-25T08:51:02 IST" skipped="0">
  <testcase classname="tests.verifyAddCustomerTest" name="verifyNewCustomer" time="27.225"/>
  <system-out/>
</testsuite> <!-- tests.verifyAddCustomerTest -->
