<?xml version="1.0" encoding="UTF-8"?>
<!-- Generated by org.testng.reporters.JUnitReportReporter -->
<testsuite hostname="DESKTOP-DM7HA6N" failures="0" tests="1" name="tests.HomePageTest" time="27.163" errors="0" timestamp="2023-06-25T08:51:02 IST" skipped="0">
  <testcase classname="tests.HomePageTest" name="HomePageTest1" time="27.163"/>
  <system-out/>
</testsuite> <!-- tests.HomePageTest -->
